[14:28:23.348] Global cache location '/home/rz9zr/.cache/typescript/4.6', safe file path '/home/rz9zr/.npm-global/lib/node_modules/typescript/lib/typingSafeList.json', types map path /home/rz9zr/.npm-global/lib/node_modules/typescript/lib/typesMap.json
[14:28:23.349] Processing cache location '/home/rz9zr/.cache/typescript/4.6'
[14:28:23.349] Trying to find '/home/rz9zr/.cache/typescript/4.6/package.json'...
[14:28:23.351] Loaded content of '/home/rz9zr/.cache/typescript/4.6/package.json': {"private":true,"dependencies":{"types-registry":"^0.1.588"}}
[14:28:23.351] Loaded content of '/home/rz9zr/.cache/typescript/4.6/package-lock.json'
[14:28:23.351] Finished processing cache location '/home/rz9zr/.cache/typescript/4.6'
[14:28:23.352] Process id: 62143
[14:28:23.352] NPM location: /usr/local/node/bin/npm (explicit '--npmLocation' not  provided)
[14:28:23.352] validateDefaultNpmLocation: false
[14:28:23.352] Npm config file: /home/rz9zr/.cache/typescript/4.6/package.json
[14:28:23.353] Updating types-registry npm package...
[14:28:23.353] Exec: /usr/local/node/bin/npm install --ignore-scripts types-registry@latest
[14:28:25.867]     Succeeded. stdout:
    
    up to date, audited 2 packages in 2s

found 0 vulnerabilities

[14:28:25.867] Updated types-registry npm package
[14:28:26.516] Got install request {"projectName":"/dev/null/inferredProject1*","fileNames":["/home/rz9zr/.npm-global/lib/node_modules/typescript/lib/lib.es5.d.ts","/home/rz9zr/.npm-global/lib/node_modules/typescript/lib/lib.es2015.d.ts","/home/rz9zr/.npm-global/lib/node_modules/typescript/lib/lib.es2016.d.ts","/home/rz9zr/.npm-global/lib/node_modules/typescript/lib/lib.dom.d.ts","/home/rz9zr/.npm-global/lib/node_modules/typescript/lib/lib.dom.iterable.d.ts","/home/rz9zr/.npm-global/lib/node_modules/typescript/lib/lib.webworker.importscripts.d.ts","/home/rz9zr/.npm-global/lib/node_modules/typescript/lib/lib.scripthost.d.ts","/home/rz9zr/.npm-global/lib/node_modules/typescript/lib/lib.es2015.core.d.ts","/home/rz9zr/.npm-global/lib/node_modules/typescript/lib/lib.es2015.collection.d.ts","/home/rz9zr/.npm-global/lib/node_modules/typescript/lib/lib.es2015.generator.d.ts","/home/rz9zr/.npm-global/lib/node_modules/typescript/lib/lib.es2015.iterable.d.ts","/home/rz9zr/.npm-global/lib/node_modules/typescript/lib/lib.es2015.promise.d.ts","/home/rz9zr/.npm-global/lib/node_modules/typescript/lib/lib.es2015.proxy.d.ts","/home/rz9zr/.npm-global/lib/node_modules/typescript/lib/lib.es2015.reflect.d.ts","/home/rz9zr/.npm-global/lib/node_modules/typescript/lib/lib.es2015.symbol.d.ts","/home/rz9zr/.npm-global/lib/node_modules/typescript/lib/lib.es2015.symbol.wellknown.d.ts","/home/rz9zr/.npm-global/lib/node_modules/typescript/lib/lib.es2016.array.include.d.ts","/home/rz9zr/.npm-global/lib/node_modules/typescript/lib/lib.es2016.full.d.ts","/home/rz9zr/course/BV1YU4y1g745-webpack5/01-webpack-basic/src/helloworld.js"],"compilerOptions":{"module":1,"target":3,"jsx":1,"allowJs":true,"allowSyntheticDefaultImports":true,"allowNonTsExtensions":true,"noEmitForJsFiles":true,"maxNodeModuleJsDepth":2},"typeAcquisition":{"enable":true,"include":[],"exclude":[]},"unresolvedImports":[],"projectRootPath":"/home/rz9zr/course/BV1YU4y1g745-webpack5/01-webpack-basic/src","kind":"discover"}
[14:28:26.614] Loaded safelist from types map file '/home/rz9zr/.npm-global/lib/node_modules/typescript/lib/typesMap.json'
[14:28:26.615] Explicitly included types: []
[14:28:26.616] Inferred typings from unresolved imports: []
[14:28:26.616] Result: {"cachedTypingPaths":[],"newTypingNames":[],"filesToWatch":["/home/rz9zr/course/BV1YU4y1g745-webpack5/01-webpack-basic/src/bower_components","/home/rz9zr/course/BV1YU4y1g745-webpack5/01-webpack-basic/src/node_modules"]}
[14:28:26.616] Finished typings discovery: {"cachedTypingPaths":[],"newTypingNames":[],"filesToWatch":["/home/rz9zr/course/BV1YU4y1g745-webpack5/01-webpack-basic/src/bower_components","/home/rz9zr/course/BV1YU4y1g745-webpack5/01-webpack-basic/src/node_modules"]}
[14:28:26.617] DirectoryWatcher:: Added:: WatchInfo: /home/rz9zr/course/BV1YU4y1g745-webpack5/01-webpack-basic/src/bower_components
[14:28:26.617] DirectoryWatcher:: Added:: WatchInfo: /home/rz9zr/course/BV1YU4y1g745-webpack5/01-webpack-basic/src/bower_components 1 undefined Project: /dev/null/inferredProject1* watcher already invoked: false
[14:28:26.631] Elapsed:: 14.048681000247598ms DirectoryWatcher:: Added:: WatchInfo: /home/rz9zr/course/BV1YU4y1g745-webpack5/01-webpack-basic/src/bower_components 1 undefined Project: /dev/null/inferredProject1* watcher already invoked: false
[14:28:26.632] DirectoryWatcher:: Added:: WatchInfo: /home/rz9zr/course/BV1YU4y1g745-webpack5/01-webpack-basic/src/node_modules
[14:28:26.632] DirectoryWatcher:: Added:: WatchInfo: /home/rz9zr/course/BV1YU4y1g745-webpack5/01-webpack-basic/src/node_modules 1 undefined Project: /dev/null/inferredProject1* watcher already invoked: false
[14:28:26.632] Elapsed:: 0.1295600002631545ms DirectoryWatcher:: Added:: WatchInfo: /home/rz9zr/course/BV1YU4y1g745-webpack5/01-webpack-basic/src/node_modules 1 undefined Project: /dev/null/inferredProject1* watcher already invoked: false
[14:28:26.632] Sending response:
    {"projectName":"/dev/null/inferredProject1*","typeAcquisition":{"enable":true,"include":[],"exclude":[]},"compilerOptions":{"module":1,"target":3,"jsx":1,"allowJs":true,"allowSyntheticDefaultImports":true,"allowNonTsExtensions":true,"noEmitForJsFiles":true,"maxNodeModuleJsDepth":2},"typings":[],"unresolvedImports":[],"kind":"action::set"}
[14:28:26.633] Response has been sent.
[14:28:26.633] No new typings were requested as a result of typings discovery
[14:28:29.047] Got install request {"projectName":"/dev/null/inferredProject1*","fileNames":["/home/rz9zr/.npm-global/lib/node_modules/typescript/lib/lib.es5.d.ts","/home/rz9zr/.npm-global/lib/node_modules/typescript/lib/lib.es2015.d.ts","/home/rz9zr/.npm-global/lib/node_modules/typescript/lib/lib.es2016.d.ts","/home/rz9zr/.npm-global/lib/node_modules/typescript/lib/lib.dom.d.ts","/home/rz9zr/.npm-global/lib/node_modules/typescript/lib/lib.dom.iterable.d.ts","/home/rz9zr/.npm-global/lib/node_modules/typescript/lib/lib.webworker.importscripts.d.ts","/home/rz9zr/.npm-global/lib/node_modules/typescript/lib/lib.scripthost.d.ts","/home/rz9zr/.npm-global/lib/node_modules/typescript/lib/lib.es2015.core.d.ts","/home/rz9zr/.npm-global/lib/node_modules/typescript/lib/lib.es2015.collection.d.ts","/home/rz9zr/.npm-global/lib/node_modules/typescript/lib/lib.es2015.generator.d.ts","/home/rz9zr/.npm-global/lib/node_modules/typescript/lib/lib.es2015.iterable.d.ts","/home/rz9zr/.npm-global/lib/node_modules/typescript/lib/lib.es2015.promise.d.ts","/home/rz9zr/.npm-global/lib/node_modules/typescript/lib/lib.es2015.proxy.d.ts","/home/rz9zr/.npm-global/lib/node_modules/typescript/lib/lib.es2015.reflect.d.ts","/home/rz9zr/.npm-global/lib/node_modules/typescript/lib/lib.es2015.symbol.d.ts","/home/rz9zr/.npm-global/lib/node_modules/typescript/lib/lib.es2015.symbol.wellknown.d.ts","/home/rz9zr/.npm-global/lib/node_modules/typescript/lib/lib.es2016.array.include.d.ts","/home/rz9zr/.npm-global/lib/node_modules/typescript/lib/lib.es2016.full.d.ts","/home/rz9zr/course/BV1YU4y1g745-webpack5/01-webpack-basic/src/helloworld.js"],"compilerOptions":{"module":1,"target":3,"jsx":1,"allowJs":true,"allowSyntheticDefaultImports":true,"allowNonTsExtensions":true,"noEmitForJsFiles":true,"maxNodeModuleJsDepth":2},"typeAcquisition":{"enable":true,"include":[],"exclude":[]},"projectRootPath":"/home/rz9zr/course/BV1YU4y1g745-webpack5/01-webpack-basic/src","kind":"discover"}
[14:28:29.047] Explicitly included types: []
[14:28:29.048] Result: {"cachedTypingPaths":[],"newTypingNames":[],"filesToWatch":["/home/rz9zr/course/BV1YU4y1g745-webpack5/01-webpack-basic/src/bower_components","/home/rz9zr/course/BV1YU4y1g745-webpack5/01-webpack-basic/src/node_modules"]}
[14:28:29.048] Finished typings discovery: {"cachedTypingPaths":[],"newTypingNames":[],"filesToWatch":["/home/rz9zr/course/BV1YU4y1g745-webpack5/01-webpack-basic/src/bower_components","/home/rz9zr/course/BV1YU4y1g745-webpack5/01-webpack-basic/src/node_modules"]}
[14:28:29.048] Sending response:
    {"projectName":"/dev/null/inferredProject1*","typeAcquisition":{"enable":true,"include":[],"exclude":[]},"compilerOptions":{"module":1,"target":3,"jsx":1,"allowJs":true,"allowSyntheticDefaultImports":true,"allowNonTsExtensions":true,"noEmitForJsFiles":true,"maxNodeModuleJsDepth":2},"typings":[],"kind":"action::set"}
[14:28:29.048] Response has been sent.
[14:28:29.048] No new typings were requested as a result of typings discovery
